<?xml version="1.0" encoding="UTF-8"?>
<testsuite xmlns:xsi="http://www.w3.org/2001/XMLSchema-instance" xsi:noNamespaceSchemaLocation="https://maven.apache.org/surefire/maven-surefire-plugin/xsd/surefire-test-report.xsd" name="TestSuite" time="12.943" tests="1" errors="0" skipped="0" failures="0">
  <properties>
    <property name="sun.desktop" value="gnome"/>
    <property name="awt.toolkit" value="sun.awt.X11.XToolkit"/>
    <property name="java.specification.version" value="11"/>
    <property name="sun.cpu.isalist" value=""/>
    <property name="sun.jnu.encoding" value="UTF-8"/>
    <property name="java.class.path" value="/home/reemo/Documents/Coding/SeleniumAssignment/target/test-classes:/home/reemo/Documents/Coding/SeleniumAssignment/target/classes:/home/reemo/.m2/repository/junit/junit/3.8.1/junit-3.8.1.jar:/home/reemo/.m2/repository/org/seleniumhq/selenium/selenium-java/3.141.59/selenium-java-3.141.59.jar:/home/reemo/.m2/repository/org/seleniumhq/selenium/selenium-api/3.141.59/selenium-api-3.141.59.jar:/home/reemo/.m2/repository/org/seleniumhq/selenium/selenium-chrome-driver/3.141.59/selenium-chrome-driver-3.141.59.jar:/home/reemo/.m2/repository/org/seleniumhq/selenium/selenium-edge-driver/3.141.59/selenium-edge-driver-3.141.59.jar:/home/reemo/.m2/repository/org/seleniumhq/selenium/selenium-firefox-driver/3.141.59/selenium-firefox-driver-3.141.59.jar:/home/reemo/.m2/repository/org/seleniumhq/selenium/selenium-ie-driver/3.141.59/selenium-ie-driver-3.141.59.jar:/home/reemo/.m2/repository/org/seleniumhq/selenium/selenium-opera-driver/3.141.59/selenium-opera-driver-3.141.59.jar:/home/reemo/.m2/repository/org/seleniumhq/selenium/selenium-remote-driver/3.141.59/selenium-remote-driver-3.141.59.jar:/home/reemo/.m2/repository/org/seleniumhq/selenium/selenium-safari-driver/3.141.59/selenium-safari-driver-3.141.59.jar:/home/reemo/.m2/repository/org/seleniumhq/selenium/selenium-support/3.141.59/selenium-support-3.141.59.jar:/home/reemo/.m2/repository/net/bytebuddy/byte-buddy/1.8.15/byte-buddy-1.8.15.jar:/home/reemo/.m2/repository/org/apache/commons/commons-exec/1.3/commons-exec-1.3.jar:/home/reemo/.m2/repository/com/google/guava/guava/25.0-jre/guava-25.0-jre.jar:/home/reemo/.m2/repository/com/google/code/findbugs/jsr305/1.3.9/jsr305-1.3.9.jar:/home/reemo/.m2/repository/org/checkerframework/checker-compat-qual/2.0.0/checker-compat-qual-2.0.0.jar:/home/reemo/.m2/repository/com/google/errorprone/error_prone_annotations/2.1.3/error_prone_annotations-2.1.3.jar:/home/reemo/.m2/repository/com/google/j2objc/j2objc-annotations/1.1/j2objc-annotations-1.1.jar:/home/reemo/.m2/repository/org/codehaus/mojo/animal-sniffer-annotations/1.14/animal-sniffer-annotations-1.14.jar:/home/reemo/.m2/repository/com/squareup/okhttp3/okhttp/3.11.0/okhttp-3.11.0.jar:/home/reemo/.m2/repository/com/squareup/okio/okio/1.14.0/okio-1.14.0.jar:/home/reemo/.m2/repository/org/testng/testng/6.8.8/testng-6.8.8.jar:/home/reemo/.m2/repository/org/beanshell/bsh/2.0b4/bsh-2.0b4.jar:/home/reemo/.m2/repository/com/beust/jcommander/1.27/jcommander-1.27.jar:/home/reemo/.m2/repository/org/apache/poi/poi/4.1.2/poi-4.1.2.jar:/home/reemo/.m2/repository/commons-codec/commons-codec/1.13/commons-codec-1.13.jar:/home/reemo/.m2/repository/org/apache/commons/commons-collections4/4.4/commons-collections4-4.4.jar:/home/reemo/.m2/repository/org/apache/commons/commons-math3/3.6.1/commons-math3-3.6.1.jar:/home/reemo/.m2/repository/com/zaxxer/SparseBitSet/1.2/SparseBitSet-1.2.jar:/home/reemo/.m2/repository/org/apache/poi/poi-ooxml/4.1.2/poi-ooxml-4.1.2.jar:/home/reemo/.m2/repository/org/apache/poi/poi-ooxml-schemas/4.1.2/poi-ooxml-schemas-4.1.2.jar:/home/reemo/.m2/repository/org/apache/xmlbeans/xmlbeans/3.1.0/xmlbeans-3.1.0.jar:/home/reemo/.m2/repository/org/apache/commons/commons-compress/1.19/commons-compress-1.19.jar:/home/reemo/.m2/repository/com/github/virtuald/curvesapi/1.06/curvesapi-1.06.jar:"/>
    <property name="java.vm.vendor" value="JetBrains s.r.o"/>
    <property name="sun.arch.data.model" value="64"/>
    <property name="java.vendor.url" value="https://www.jetbrains.com/"/>
    <property name="user.timezone" value=""/>
    <property name="java.vm.specification.version" value="11"/>
    <property name="os.name" value="Linux"/>
    <property name="sun.java.launcher" value="SUN_STANDARD"/>
    <property name="user.country" value="US"/>
    <property name="sun.boot.library.path" value="/opt/idea-IU-193.6015.39/jbr/lib"/>
    <property name="sun.java.command" value="/home/reemo/Documents/Coding/SeleniumAssignment/target/surefire/surefirebooter2973877824692143788.jar /home/reemo/Documents/Coding/SeleniumAssignment/target/surefire 2020-02-24T19-22-53_723-jvmRun1 surefire17612479659644699347tmp surefire_07701403707683574030tmp"/>
    <property name="jdk.debug" value="release"/>
    <property name="surefire.test.class.path" value="/home/reemo/Documents/Coding/SeleniumAssignment/target/test-classes:/home/reemo/Documents/Coding/SeleniumAssignment/target/classes:/home/reemo/.m2/repository/junit/junit/3.8.1/junit-3.8.1.jar:/home/reemo/.m2/repository/org/seleniumhq/selenium/selenium-java/3.141.59/selenium-java-3.141.59.jar:/home/reemo/.m2/repository/org/seleniumhq/selenium/selenium-api/3.141.59/selenium-api-3.141.59.jar:/home/reemo/.m2/repository/org/seleniumhq/selenium/selenium-chrome-driver/3.141.59/selenium-chrome-driver-3.141.59.jar:/home/reemo/.m2/repository/org/seleniumhq/selenium/selenium-edge-driver/3.141.59/selenium-edge-driver-3.141.59.jar:/home/reemo/.m2/repository/org/seleniumhq/selenium/selenium-firefox-driver/3.141.59/selenium-firefox-driver-3.141.59.jar:/home/reemo/.m2/repository/org/seleniumhq/selenium/selenium-ie-driver/3.141.59/selenium-ie-driver-3.141.59.jar:/home/reemo/.m2/repository/org/seleniumhq/selenium/selenium-opera-driver/3.141.59/selenium-opera-driver-3.141.59.jar:/home/reemo/.m2/repository/org/seleniumhq/selenium/selenium-remote-driver/3.141.59/selenium-remote-driver-3.141.59.jar:/home/reemo/.m2/repository/org/seleniumhq/selenium/selenium-safari-driver/3.141.59/selenium-safari-driver-3.141.59.jar:/home/reemo/.m2/repository/org/seleniumhq/selenium/selenium-support/3.141.59/selenium-support-3.141.59.jar:/home/reemo/.m2/repository/net/bytebuddy/byte-buddy/1.8.15/byte-buddy-1.8.15.jar:/home/reemo/.m2/repository/org/apache/commons/commons-exec/1.3/commons-exec-1.3.jar:/home/reemo/.m2/repository/com/google/guava/guava/25.0-jre/guava-25.0-jre.jar:/home/reemo/.m2/repository/com/google/code/findbugs/jsr305/1.3.9/jsr305-1.3.9.jar:/home/reemo/.m2/repository/org/checkerframework/checker-compat-qual/2.0.0/checker-compat-qual-2.0.0.jar:/home/reemo/.m2/repository/com/google/errorprone/error_prone_annotations/2.1.3/error_prone_annotations-2.1.3.jar:/home/reemo/.m2/repository/com/google/j2objc/j2objc-annotations/1.1/j2objc-annotations-1.1.jar:/home/reemo/.m2/repository/org/codehaus/mojo/animal-sniffer-annotations/1.14/animal-sniffer-annotations-1.14.jar:/home/reemo/.m2/repository/com/squareup/okhttp3/okhttp/3.11.0/okhttp-3.11.0.jar:/home/reemo/.m2/repository/com/squareup/okio/okio/1.14.0/okio-1.14.0.jar:/home/reemo/.m2/repository/org/testng/testng/6.8.8/testng-6.8.8.jar:/home/reemo/.m2/repository/org/beanshell/bsh/2.0b4/bsh-2.0b4.jar:/home/reemo/.m2/repository/com/beust/jcommander/1.27/jcommander-1.27.jar:/home/reemo/.m2/repository/org/apache/poi/poi/4.1.2/poi-4.1.2.jar:/home/reemo/.m2/repository/commons-codec/commons-codec/1.13/commons-codec-1.13.jar:/home/reemo/.m2/repository/org/apache/commons/commons-collections4/4.4/commons-collections4-4.4.jar:/home/reemo/.m2/repository/org/apache/commons/commons-math3/3.6.1/commons-math3-3.6.1.jar:/home/reemo/.m2/repository/com/zaxxer/SparseBitSet/1.2/SparseBitSet-1.2.jar:/home/reemo/.m2/repository/org/apache/poi/poi-ooxml/4.1.2/poi-ooxml-4.1.2.jar:/home/reemo/.m2/repository/org/apache/poi/poi-ooxml-schemas/4.1.2/poi-ooxml-schemas-4.1.2.jar:/home/reemo/.m2/repository/org/apache/xmlbeans/xmlbeans/3.1.0/xmlbeans-3.1.0.jar:/home/reemo/.m2/repository/org/apache/commons/commons-compress/1.19/commons-compress-1.19.jar:/home/reemo/.m2/repository/com/github/virtuald/curvesapi/1.06/curvesapi-1.06.jar:"/>
    <property name="sun.cpu.endian" value="little"/>
    <property name="user.home" value="/home/reemo"/>
    <property name="user.language" value="en"/>
    <property name="java.specification.vendor" value="Oracle Corporation"/>
    <property name="java.version.date" value="2019-10-15"/>
    <property name="java.home" value="/opt/idea-IU-193.6015.39/jbr"/>
    <property name="file.separator" value="/"/>
    <property name="basedir" value="/home/reemo/Documents/Coding/SeleniumAssignment"/>
    <property name="java.vm.compressedOopsMode" value="32-bit"/>
    <property name="line.separator" value="&#10;"/>
    <property name="java.specification.name" value="Java Platform API Specification"/>
    <property name="java.vm.specification.vendor" value="Oracle Corporation"/>
    <property name="java.awt.graphicsenv" value="sun.awt.X11GraphicsEnvironment"/>
    <property name="surefire.real.class.path" value="/home/reemo/Documents/Coding/SeleniumAssignment/target/surefire/surefirebooter2973877824692143788.jar"/>
    <property name="sun.management.compiler" value="HotSpot 64-Bit Tiered Compilers"/>
    <property name="java.runtime.version" value="11.0.5+10-b520.38"/>
    <property name="user.name" value="reemo"/>
    <property name="path.separator" value=":"/>
    <property name="os.version" value="5.0.0-32-generic"/>
    <property name="java.runtime.name" value="OpenJDK Runtime Environment"/>
    <property name="file.encoding" value="UTF-8"/>
    <property name="java.vm.name" value="OpenJDK 64-Bit Server VM"/>
    <property name="localRepository" value="/home/reemo/.m2/repository"/>
    <property name="java.vendor.url.bug" value="https://youtrack.jetbrains.com"/>
    <property name="java.io.tmpdir" value="/tmp"/>
    <property name="java.version" value="11.0.5"/>
    <property name="user.dir" value="/home/reemo/Documents/Coding/SeleniumAssignment"/>
    <property name="os.arch" value="amd64"/>
    <property name="java.vm.specification.name" value="Java Virtual Machine Specification"/>
    <property name="java.awt.printerjob" value="sun.print.PSPrinterJob"/>
    <property name="sun.os.patch.level" value="unknown"/>
    <property name="idea.version2019.3.3" value="true"/>
    <property name="java.library.path" value="/usr/java/packages/lib:/usr/lib64:/lib64:/lib:/usr/lib"/>
    <property name="java.vendor" value="JetBrains s.r.o"/>
    <property name="java.vm.info" value="mixed mode"/>
    <property name="java.vm.version" value="11.0.5+10-b520.38"/>
    <property name="sun.io.unicode.encoding" value="UnicodeLittle"/>
    <property name="java.class.version" value="55.0"/>
  </properties>
  <testcase name="test" classname="MyFirstPageFactoryNG" time="1.28"/>
</testsuite>