<?xml version="1.0" encoding="UTF-8"?>
<!-- Generated by org.testng.reporters.JUnitReportReporter -->
<testsuite hostname="reemo-love" failures="0" tests="1" name="MyFirstPageFactoryNG" time="12.498" errors="0" timestamp="25 Feb 2020 03:23:07 GMT">
  <testcase classname="MyFirstPageFactoryNG" name="test" time="12.498"/>
</testsuite> <!-- MyFirstPageFactoryNG -->
